<?xml version="1.0" encoding="UTF-8"?>
<testng-results ignored="0" total="1" passed="1" failed="0" skipped="0">
  <reporter-output>
  </reporter-output>
  <suite started-at="2023-04-24T17:46:02 IST" name="Surefire suite" finished-at="2023-04-24T17:46:16 IST" duration-ms="13775">
    <groups>
    </groups>
    <test started-at="2023-04-24T17:46:02 IST" name="Surefire test" finished-at="2023-04-24T17:46:16 IST" duration-ms="13775">
      <class name="TestScripts.ActiTimePortal">
        <test-method signature="loginportal()[pri:0, instance:TestScripts.ActiTimePortal@23f7d05d]" started-at="2023-04-24T17:46:02 IST" name="loginportal" finished-at="2023-04-24T17:46:16 IST" duration-ms="13661" status="PASS">
          <reporter-output>
          </reporter-output>
        </test-method> <!-- loginportal -->
      </class> <!-- TestScripts.ActiTimePortal -->
    </test> <!-- Surefire test -->
  </suite> <!-- Surefire suite -->
</testng-results>
