<?xml version="1.0" encoding="UTF-8"?>
<testng-results ignored="0" total="1" passed="1" failed="0" skipped="0">
  <reporter-output>
  </reporter-output>
  <suite started-at="2023-04-25T18:18:21 IST" name="Default suite" finished-at="2023-04-25T18:18:37 IST" duration-ms="16291">
    <groups>
    </groups>
    <test started-at="2023-04-25T18:18:21 IST" name="Default test" finished-at="2023-04-25T18:18:37 IST" duration-ms="16291">
      <class name="TestScripts.ActiTimePortal">
        <test-method signature="loginportal()[pri:0, instance:TestScripts.ActiTimePortal@d5b810e]" started-at="2023-04-25T18:18:21 IST" name="loginportal" finished-at="2023-04-25T18:18:37 IST" duration-ms="16217" status="PASS">
          <reporter-output>
          </reporter-output>
        </test-method> <!-- loginportal -->
      </class> <!-- TestScripts.ActiTimePortal -->
    </test> <!-- Default test -->
  </suite> <!-- Default suite -->
</testng-results>
